<?xml version="1.0" encoding="UTF-8"?>
<!-- Generated by org.testng.reporters.JUnitXMLReporter -->
<testsuite ignored="0" hostname="HP-PC" failures="0" tests="4" name="Test" time="8.432" errors="0" timestamp="2023-05-04T16:37:45 IST">
  <testcase classname="test_class.GetTc1" name="orchestrator" time="4.365"/>
  <testcase classname="test_class.PatchTc1" name="orchestrator" time="1.053"/>
  <testcase classname="test_class.PostTc1" name="orchestrator" time="1.845"/>
  <testcase classname="test_class.PutTc1" name="orchestrator" time="0.989"/>
</testsuite> <!-- Test -->
