<?xml version="1.0" encoding="UTF-8"?>
<testng-results ignored="0" total="4" passed="4" failed="0" skipped="0">
  <reporter-output>
  </reporter-output>
  <suite started-at="2023-05-04T16:37:37 IST" name="Suite" finished-at="2023-05-04T16:37:45 IST" duration-ms="8432">
    <groups>
    </groups>
    <test started-at="2023-05-04T16:37:37 IST" name="Test" finished-at="2023-05-04T16:37:45 IST" duration-ms="8432">
      <class name="test_class.PutTc1">
        <test-method signature="orchestrator()[pri:0, instance:test_class.PutTc1@4397ad89]" started-at="2023-05-04T16:37:44 IST" name="orchestrator" finished-at="2023-05-04T16:37:45 IST" duration-ms="989" status="PASS">
          <reporter-output>
          </reporter-output>
        </test-method> <!-- orchestrator -->
      </class> <!-- test_class.PutTc1 -->
      <class name="test_class.PostTc1">
        <test-method signature="orchestrator()[pri:0, instance:test_class.PostTc1@341814d3]" started-at="2023-05-04T16:37:42 IST" name="orchestrator" finished-at="2023-05-04T16:37:44 IST" duration-ms="1845" status="PASS">
          <reporter-output>
          </reporter-output>
        </test-method> <!-- orchestrator -->
      </class> <!-- test_class.PostTc1 -->
      <class name="test_class.GetTc1">
        <test-method signature="orchestrator()[pri:0, instance:test_class.GetTc1@479ceda0]" started-at="2023-05-04T16:37:37 IST" name="orchestrator" finished-at="2023-05-04T16:37:41 IST" duration-ms="4365" status="PASS">
          <reporter-output>
          </reporter-output>
        </test-method> <!-- orchestrator -->
      </class> <!-- test_class.GetTc1 -->
      <class name="test_class.PatchTc1">
        <test-method signature="orchestrator()[pri:0, instance:test_class.PatchTc1@3d246ea3]" started-at="2023-05-04T16:37:41 IST" name="orchestrator" finished-at="2023-05-04T16:37:42 IST" duration-ms="1053" status="PASS">
          <reporter-output>
          </reporter-output>
        </test-method> <!-- orchestrator -->
      </class> <!-- test_class.PatchTc1 -->
    </test> <!-- Test -->
  </suite> <!-- Suite -->
</testng-results>
